<?xml version="1.0" encoding="UTF-8"?>
<!-- Generated by org.testng.reporters.JUnitReportReporter -->
<testsuite skipped="0" hostname="DESKTOP-G0D562V" name="com.qa.hubspot.tests.LoginTest" tests="2" failures="0" timestamp="12 Feb 2020 04:14:48 GMT" time="44.857" errors="0">
  <testcase name="loginTest" time="25.602" classname="com.qa.hubspot.tests.LoginTest"/>
  <testcase name="loginPageTitleTest" time="19.255" classname="com.qa.hubspot.tests.LoginTest"/>
</testsuite> <!-- com.qa.hubspot.tests.LoginTest -->
